TIMESTAMP CPU% MEM% MEM_RSS_KB
2026-04-17_03:38:19  0.0  0.0  2148
2026-04-17_03:38:20  0.0  0.0  2148
2026-04-17_03:38:21  0.0  0.0  2148
2026-04-17_03:38:23  0.0  0.0  2148
2026-04-17_03:38:24  0.0  0.0  2148
2026-04-17_03:38:25  0.0  0.0  2148
2026-04-17_03:38:26  0.0  0.0  2148
2026-04-17_03:38:27  0.0  0.0  2148
2026-04-17_03:38:29  0.0  0.0  2148
2026-04-17_03:38:30  0.0  0.0  2148
2026-04-17_03:38:31  0.0  0.0  2148
2026-04-17_03:38:32  0.0  0.0  2148
2026-04-17_03:38:34  0.0  0.0  2148
2026-04-17_03:38:35  0.0  0.0  2148
2026-04-17_03:38:36  0.0  0.0  2148
2026-04-17_03:38:37  0.0  0.0  2148
2026-04-17_03:38:38  0.0  0.0  2148
2026-04-17_03:38:39  0.0  0.0  2148
2026-04-17_03:38:40  0.0  0.0  2148
2026-04-17_03:38:41  0.0  0.0  2148
2026-04-17_03:38:42  0.0  0.0  2148
2026-04-17_03:38:43  0.0  0.0  2148
2026-04-17_03:38:44  0.0  0.0  2148
2026-04-17_03:38:46  0.0  0.0  2148
2026-04-17_03:38:47  0.0  0.0  2148
2026-04-17_03:38:48  0.0  0.0  2148
2026-04-17_03:38:49  0.0  0.0  2148
