TIMESTAMP CPU% MEM% MEM_RSS_KB
2026-04-17_03:12:30  0.0  0.0  2156
2026-04-17_03:12:31  0.0  0.0  2156
2026-04-17_03:12:32  0.0  0.0  2156
2026-04-17_03:12:33  0.0  0.0  2156
2026-04-17_03:12:34  0.0  0.0  2156
2026-04-17_03:12:35  0.0  0.0  2156
2026-04-17_03:12:36  0.0  0.0  2156
2026-04-17_03:12:37  0.0  0.0  2156
2026-04-17_03:12:38  0.0  0.0  2156
2026-04-17_03:12:40  0.0  0.0  2156
2026-04-17_03:12:41  0.0  0.0  2156
2026-04-17_03:12:42  0.0  0.0  2156
2026-04-17_03:12:43  0.0  0.0  2156
2026-04-17_03:12:44  0.0  0.0  2156
2026-04-17_03:12:45  0.0  0.0  2156
2026-04-17_03:12:46  0.0  0.0  2156
2026-04-17_03:12:48  0.0  0.0  2156
2026-04-17_03:12:49  0.0  0.0  2156
2026-04-17_03:12:50  0.0  0.0  2156
2026-04-17_03:12:51  0.0  0.0  2156
2026-04-17_03:12:52  0.0  0.0  2156
2026-04-17_03:12:53  0.0  0.0  2156
2026-04-17_03:12:54  0.0  0.0  2156
2026-04-17_03:12:55  0.0  0.0  2156
2026-04-17_03:12:57  0.0  0.0  2156
2026-04-17_03:12:58  0.0  0.0  2156
2026-04-17_03:12:59  0.0  0.0  2156
2026-04-17_03:13:00  0.0  0.0  2156
